<?xml version="1.0"?><coverage lines-covered="163" lines-valid="297" line-rate="0.5488215488215489" branches-covered="0" branches-valid="0" branch-rate="0" complexity="0" version="1.9" timestamp="1764278677"><sources><source>/home/mhugo/code/chunker</source></sources><packages><package name="benches" line-rate="0" branch-rate="0" complexity="0"><classes></classes></package><package name="fuzz/fuzz_targets" line-rate="0" branch-rate="0" complexity="0"><classes></classes></package><package name="src" line-rate="0.5488215488215489" branch-rate="0" complexity="0"><classes><class name="chunking" filename="src/chunking.rs" line-rate="0.5775862068965517" branch-rate="0" complexity="0"><methods/><lines><line number="22" hits="208"/><line number="27" hits="1246"/><line number="28" hits="3"/><line number="29" hits="6"/><line number="30" hits="3"/><line number="31" hits="3"/><line number="40" hits="4"/><line number="48" hits="8"/><line number="50" hits="8"/><line number="52" hits="8"/><line number="54" hits="24"/><line number="56" hits="8"/><line number="58" hits="212"/><line number="60" hits="520"/><line number="63" hits="104"/><line number="71" hits="4"/><line number="77" hits="2"/><line number="84" hits="4"/><line number="86" hits="4"/><line number="88" hits="4"/><line number="90" hits="6"/><line number="91" hits="6"/><line number="92" hits="6"/><line number="93" hits="6"/><line number="94" hits="6"/><line number="96" hits="8"/><line number="97" hits="4"/><line number="99" hits="4"/><line number="100" hits="0"/><line number="101" hits="348"/><line number="102" hits="0"/><line number="103" hits="2"/><line number="105" hits="0"/><line number="109" hits="0"/><line number="110" hits="0"/><line number="111" hits="0"/><line number="112" hits="0"/><line number="113" hits="0"/><line number="114" hits="0"/><line number="115" hits="0"/><line number="116" hits="0"/><line number="120" hits="0"/><line number="121" hits="0"/><line number="122" hits="0"/><line number="123" hits="0"/><line number="130" hits="2"/><line number="131" hits="2"/><line number="132" hits="2"/><line number="133" hits="2"/><line number="134" hits="2"/><line number="135" hits="2"/><line number="136" hits="2"/><line number="137" hits="2"/><line number="139" hits="2"/><line number="141" hits="40"/><line number="143" hits="12"/><line number="144" hits="12"/><line number="145" hits="12"/><line number="146" hits="12"/><line number="152" hits="0"/><line number="153" hits="0"/><line number="155" hits="2"/><line number="156" hits="0"/><line number="157" hits="0"/><line number="158" hits="0"/><line number="161" hits="0"/><line number="163" hits="0"/><line number="164" hits="0"/><line number="165" hits="0"/><line number="166" hits="0"/><line number="172" hits="87"/><line number="183" hits="522"/><line number="184" hits="348"/><line number="186" hits="257"/><line number="187" hits="85"/><line number="190" hits="174"/><line number="191" hits="285"/><line number="192" hits="495"/><line number="193" hits="99"/><line number="194" hits="0"/><line number="195" hits="0"/><line number="196" hits="0"/><line number="198" hits="0"/><line number="202" hits="0"/><line number="203" hits="0"/><line number="204" hits="0"/><line number="205" hits="99"/><line number="206" hits="0"/><line number="207" hits="0"/><line number="210" hits="156"/><line number="211" hits="138"/><line number="212" hits="69"/><line number="215" hits="0"/><line number="218" hits="97"/><line number="225" hits="194"/><line number="226" hits="0"/><line number="229" hits="0"/><line number="231" hits="0"/><line number="232" hits="0"/><line number="235" hits="24"/><line number="236" hits="24"/><line number="237" hits="0"/><line number="238" hits="0"/><line number="239" hits="0"/><line number="241" hits="0"/><line number="245" hits="271"/><line number="246" hits="0"/><line number="247" hits="0"/><line number="248" hits="0"/><line number="249" hits="0"/><line number="254" hits="196"/><line number="258" hits="394"/><line number="259" hits="99"/><line number="260" hits="99"/><line number="262" hits="0"/><line number="263" hits="0"/></lines></class><class name="compression" filename="src/compression.rs" line-rate="0.868421052631579" branch-rate="0" complexity="0"><methods/><lines><line number="21" hits="257"/><line number="22" hits="771"/><line number="24" hits="1028"/><line number="25" hits="257"/><line number="32" hits="257"/><line number="33" hits="514"/><line number="34" hits="771"/><line number="35" hits="257"/><line number="39" hits="257"/><line number="41" hits="0"/><line number="45" hits="0"/><line number="53" hits="1"/><line number="54" hits="3"/><line number="56" hits="4"/><line number="57" hits="1"/><line number="58" hits="2"/><line number="59" hits="1"/><line number="61" hits="2"/><line number="63" hits="0"/><line number="70" hits="1"/><line number="71" hits="3"/><line number="72" hits="2"/><line number="75" hits="3"/><line number="76" hits="2"/><line number="77" hits="2"/><line number="78" hits="1"/><line number="82" hits="0"/><line number="104" hits="1"/><line number="111" hits="3"/><line number="112" hits="3"/><line number="114" hits="3"/><line number="115" hits="4"/><line number="116" hits="1"/><line number="117" hits="1"/><line number="121" hits="1"/><line number="122" hits="1"/><line number="125" hits="0"/><line number="130" hits="2"/></lines></class><class name="hashing" filename="src/hashing.rs" line-rate="0.9767441860465116" branch-rate="0" complexity="0"><methods/><lines><line number="15" hits="101"/><line number="16" hits="202"/><line number="17" hits="303"/><line number="18" hits="303"/><line number="19" hits="202"/><line number="24" hits="3"/><line number="25" hits="6"/><line number="26" hits="6"/><line number="29" hits="6"/><line number="30" hits="6"/><line number="32" hits="47"/><line number="36" hits="90"/><line number="37" hits="34"/><line number="38" hits="34"/><line number="39" hits="34"/><line number="40" hits="34"/><line number="44" hits="5"/><line number="45" hits="6"/><line number="46" hits="6"/><line number="49" hits="3"/><line number="53" hits="2"/><line number="54" hits="4"/><line number="55" hits="4"/><line number="56" hits="4"/><line number="58" hits="30"/><line number="59" hits="51"/><line number="60" hits="26"/><line number="61" hits="972"/><line number="62" hits="53"/><line number="67" hits="55"/><line number="68" hits="15"/><line number="69" hits="15"/><line number="70" hits="15"/><line number="74" hits="1"/><line number="95" hits="3"/><line number="102" hits="9"/><line number="103" hits="9"/><line number="105" hits="9"/><line number="106" hits="204"/><line number="107" hits="100"/><line number="108" hits="1"/><line number="118" hits="0"/><line number="123" hits="6"/></lines></class><class name="nif" filename="src/nif.rs" line-rate="0" branch-rate="0" complexity="0"><methods/><lines><line number="46" hits="0"/><line number="47" hits="0"/><line number="48" hits="0"/><line number="49" hits="0"/><line number="50" hits="0"/><line number="64" hits="0"/><line number="65" hits="0"/><line number="66" hits="0"/><line number="67" hits="0"/><line number="68" hits="0"/><line number="69" hits="0"/><line number="71" hits="0"/><line number="72" hits="0"/><line number="74" hits="0"/><line number="75" hits="0"/><line number="87" hits="0"/><line number="88" hits="0"/><line number="89" hits="0"/><line number="90" hits="0"/><line number="91" hits="0"/><line number="93" hits="0"/><line number="94" hits="0"/><line number="96" hits="0"/><line number="97" hits="0"/><line number="99" hits="0"/><line number="100" hits="0"/><line number="102" hits="0"/><line number="103" hits="0"/><line number="113" hits="0"/><line number="114" hits="0"/><line number="115" hits="0"/><line number="119" hits="0"/><line number="120" hits="0"/><line number="121" hits="0"/><line number="125" hits="0"/><line number="126" hits="0"/><line number="127" hits="0"/><line number="128" hits="0"/><line number="129" hits="0"/><line number="139" hits="0"/><line number="140" hits="0"/><line number="141" hits="0"/><line number="142" hits="0"/><line number="143" hits="0"/><line number="149" hits="0"/><line number="150" hits="0"/><line number="151" hits="0"/><line number="152" hits="0"/><line number="153" hits="0"/><line number="159" hits="0"/><line number="160" hits="0"/><line number="161" hits="0"/><line number="162" hits="0"/><line number="163" hits="0"/><line number="169" hits="0"/><line number="170" hits="0"/><line number="171" hits="0"/><line number="172" hits="0"/><line number="173" hits="0"/><line number="190" hits="0"/><line number="191" hits="0"/><line number="192" hits="0"/><line number="193" hits="0"/><line number="195" hits="0"/><line number="197" hits="0"/><line number="198" hits="0"/><line number="199" hits="0"/><line number="200" hits="0"/><line number="201" hits="0"/><line number="202" hits="0"/><line number="203" hits="0"/><line number="204" hits="0"/><line number="205" hits="0"/><line number="207" hits="0"/><line number="208" hits="0"/><line number="209" hits="0"/><line number="211" hits="0"/><line number="212" hits="0"/></lines></class><class name="signing" filename="src/signing.rs" line-rate="0.9545454545454546" branch-rate="0" complexity="0"><methods/><lines><line number="21" hits="257"/><line number="22" hits="514"/><line number="23" hits="771"/><line number="24" hits="771"/><line number="26" hits="1285"/><line number="27" hits="1285"/><line number="29" hits="257"/><line number="35" hits="260"/><line number="37" hits="519"/><line number="38" hits="520"/><line number="39" hits="261"/><line number="42" hits="1"/><line number="57" hits="261"/><line number="63" hits="521"/><line number="64" hits="522"/><line number="65" hits="262"/><line number="68" hits="1"/><line number="74" hits="259"/><line number="75" hits="0"/><line number="78" hits="258"/><line number="80" hits="1"/><line number="83" hits="1"/></lines></class></classes></package><package name="tests" line-rate="0" branch-rate="0" complexity="0"><classes></classes></package></packages></coverage>